run event track particle start_energy_[eV] start_x_[mm] start_y_[mm] start_z_[mm] start_t_[ns] energy_deposit_[eV] track_weight end_x_[mm] end_y_[mm] end_z_[mm] end_t_[ns]
0 0 15 phononTS 0.0033334 -1.47208 1.48771 0.0231916 5435.26 0.0033334 1 35.8861 -0.0646134 -0.5 49331.8
0 0 14 phononL 0.00340056 -1.47208 1.48771 0.0231916 5435.26 0.00340056 1 -35.1902 -1.23619 0.5 27823.7
0 0 17 phononTF 0.00358808 6.27852 0.502715 -0.28919 7524.63 0.00358808 1 25.1011 -1.10717 0.5 31798.6
0 0 21 phononTF 0.00510067 -0.0202291 -0.0561273 0.0898193 72.7031 0.00510067 1 -2.59814 -5.35046 0.5 6943.28
0 0 23 phononTF 0.0035639 -0.773677 3.86078 0.278066 4396.1 0.0035639 1 -2.5465 10.4215 -0.5 7575.86
0 0 22 phononTS 0.00239172 -0.773677 3.86078 0.278066 4396.1 0.00239172 1 2.97248 21.7904 0.5 10700.9
0 0 29 phononL 0.00354004 10.8013 -3.39664 -0.35976 19825.7 0.00354004 1 17.6629 7.54334 -0.5 46081.7
0 0 28 phononTS 0.00134756 10.8013 -3.39664 -0.35976 19825.7 0.00134756 1 -9.60716 -19.4956 0.5 57125.2
0 0 26 phononTS 0.00257909 2.667 1.26564 -0.41726 4606.45 0.00257909 1 4.07878 -16.5389 0.5 14973.7
0 0 30 phononTF 0.00407186 -1.69168 2.2575 0.223568 16456.6 0.00407186 1 5.42663 11.8273 -0.5 25886
0 0 41 phononTS 0.00306805 1.1023 1.15625 0.188581 17665.9 0.00306805 1 -11.9016 -3.41638 0.5 23332.1
0 0 40 phononTS 0.00148341 1.1023 1.15625 0.188581 17665.9 0.00148341 1 6.47902 24.0199 0.5 59627.8
0 0 45 phononL 0.00376155 0.0252939 2.73918 0.16261 1508.01 0.00376155 1 20.1418 24.3722 -0.5 33024.4
0 0 44 phononTF 0.002558 0.0252939 2.73918 0.16261 1508.01 0.002558 1 23.3401 -14.6356 0.5 49812.2
0 0 46 phononTF 0.00281737 0.854135 -4.14143 -0.21807 9642.8 0.00281737 1 -5.10238 7.0777 -0.5 51351.7
0 0 49 phononTS 0.00504209 -2.18582 1.71966 -0.136302 9016.89 0.00504209 1 5.85673 -6.74976 0.5 26110.6
0 0 51 phononL 0.00123859 -35.002 -4.17746 -0.0928115 29831.6 0.00123859 1 -35.4626 1.85501 -0.5 38017.1
0 0 57 phononL 0.00356943 2.59488 1.47196 -0.0274622 4960.38 0.00356943 1 0.0238537 -5.03445 -0.5 13903.5
0 0 56 phononTF 0.0035803 2.59488 1.47196 -0.0274622 4960.38 0.0035803 1 3.64134 -3.68038 0.5 13509.8
0 0 54 phononTF 0.00320146 -0.0539588 0.27993 -0.163371 278.146 0.00320146 1 -8.89022 3.13174 -0.5 7918.1
0 0 59 phononL 0.00619812 -0.0859396 0.120911 0.100233 476.578 0.00619812 1 -3.5383 1.04839 -0.5 2312.1
0 0 73 phononL 0.0029616 2.14896 -0.109933 0.49854 10319.1 0.0029616 1 3.4571 10.6482 -0.5 18262.3
0 0 72 phononTF 0.00328232 2.14896 -0.109933 0.49854 10319.1 0.00328232 1 18.0123 22.3517 0.5 44118.8
0 0 70 phononTF 0.0077712 -0.062101 -0.184067 -0.0263511 595.512 0.0077712 1 3.2165 -1.48273 -0.5 8093.76
0 0 75 phononTF 0.00375409 6.69255 -1.62407 0.218113 35413.3 0.00375409 1 10.9556 -0.642608 -0.5 39958.1
0 0 74 phononTF 0.0028191 6.69255 -1.62407 0.218113 35413.3 0.0028191 1 6.27486 -2.52576 -0.5 35813
0 0 79 phononTF 0.0032944 0.258196 0.189347 -0.37879 3885.74 0.0032944 1 -10.7373 6.20755 -0.5 22607.9
0 0 78 phononTS 0.00351831 0.258196 0.189347 -0.37879 3885.74 0.00351831 1 21.4928 11.5014 -0.5 28541.8
0 0 81 phononTS 0.00408587 -1.93311 -0.158956 -0.000282338 15895.7 0.00408587 1 -6.24789 -2.33935 0.5 22628.4
0 0 80 phononTF 0.00393529 -1.93311 -0.158956 -0.000282338 15895.7 0.00393529 1 -3.13108 10.5917 0.5 28157.5
0 0 83 phononTS 0.00301359 -0.537805 0.404346 0.0919052 3526.12 0.00301359 1 -18.1035 12.3315 0.5 25767.3
0 0 85 phononL 0.00176857 8.29631 -8.46232 0.416459 34848 0.00176857 1 8.25417 -8.44661 0.5 34858.7
0 0 84 phononTF 0.00412018 8.29631 -8.46232 0.416459 34848 0.00412018 1 9.5128 -8.96661 -0.5 36261
0 0 89 phononTF 0.00552941 1.29708 -0.714024 0.296291 1687.63 0.00552941 1 -3.49788 -3.25703 0.5 5799.21
0 0 91 phononL 0.00273141 9.49681 9.54669 0.235932 33173 0.00273141 1 -8.08342 23.2377 0.5 70040.2
0 0 90 phononTF 0.00176164 9.49681 9.54669 0.235932 33173 0.00176164 1 -0.918702 11.8858 -0.5 35020.1
0 0 92 phononTS 0.00727579 -0.160561 0.175198 0.132554 331.972 0.00727579 1 -0.293145 0.113752 0.5 599.394
0 0 107 phononTF 0.00342719 -6.24201 6.21708 -0.13902 10653.2 0.00342719 1 -11.1473 -2.06224 0.5 22836.8
0 0 106 phononTS 0.00159229 -6.24201 6.21708 -0.13902 10653.2 0.00159229 1 -10.1895 4.88834 0.5 12282
0 0 104 phononTS 0.00282022 0.0438603 -0.00518157 0.128281 90.0922 0.00282022 1 1.9224 -20.7283 -0.5 14965.6
0 0 102 phononTS 0.00301182 0.0541964 0.0500258 0.00762843 44.7334 0.00301182 1 -38.2841 4.07204 -0.109614 45407.5
0 0 113 phononL 0.00237309 0.904576 -0.525872 0.0348501 3525.22 0.00237309 1 14.3312 11.1113 0.5 8954.28
0 0 112 phononTS 0.00271834 0.904576 -0.525872 0.0348501 3525.22 0.00271834 1 -9.06653 -12.53 -0.5 22908.6
0 0 108 phononTF 0.00561862 -0.108692 0.0414416 0.0174234 166.224 0.00561862 1 -4.89507 3.55721 -0.5 30664.9
0 0 117 phononTS 0.0056506 -0.0466144 -0.532063 0.0508374 1207.59 0.0056506 1 -1.7517 -0.766995 0.5 5442.77
0 0 116 phononL 0.00484202 -0.0466144 -0.532063 0.0508374 1207.59 0.00484202 1 4.85127 4.88852 0.5 21039.2
0 0 118 phononTS 0.00183801 -2.74656 -1.54095 -0.283168 2180.34 0.00183801 1 18.0081 -30.963 -0.5 26607.7
0 0 127 phononTS 0.00570296 -0.0206966 0.0184919 -0.401918 116.283 0.00570296 1 0.248883 1.85123 -0.5 8901.43
0 0 124 phononTF 0.00171211 -0.0359233 0.0371234 -0.369577 111.854 0.00171211 1 -25.163 8.77317 0.5 41117.8
0 0 129 phononTS 0.0038528 -1.52528 1.93543 -0.308466 11564 0.0038528 1 5.40731 16.7299 0.5 32142.7
0 0 128 phononTS 0.00407465 -1.52528 1.93543 -0.308466 11564 0.00407465 1 -1.57704 -0.0477422 0.5 12592.8
0 0 132 phononTS 0.0054128 -0.153293 0.424933 0.286189 2411.28 0.0054128 1 2.20307 -2.19337 -0.5 10510.7
0 0 145 phononTS 0.00232623 8.40002 -3.44247 -0.290277 29580.3 0.00232623 1 22.8551 -11.1229 -0.5 39807.1
0 0 144 phononTF 0.00338794 8.40002 -3.44247 -0.290277 29580.3 0.00338794 1 6.80113 -5.58275 0.5 34350.9
0 0 147 phononTF 0.00252755 1.66601 0.314638 -0.185947 9260.33 0.00252755 1 20.5727 11.5399 0.5 15555.2
0 0 146 phononL 0.00349042 1.66601 0.314638 -0.185947 9260.33 0.00349042 1 4.61045 5.7856 -0.5 15850.4
0 0 149 phononTF 0.00585901 0.14479 0.115397 -0.22955 355.963 0.00585901 1 -1.1156 3.18871 -0.5 6218.96
0 0 151 phononTS 0.00209253 1.27516 4.22744 0.428649 6701.03 0.00209253 1 3.63627 3.5035 0.5 7457.18
0 0 150 phononTS 0.00454528 1.27516 4.22744 0.428649 6701.03 0.00454528 1 10.8534 1.05342 0.5 15648
0 0 154 phononL 0.00345351 -1.69535 -1.69335 0.112141 2718.18 0.00345351 1 21.8825 2.60679 -0.5 26259.7
0 0 157 phononTF 0.00433741 -0.309496 -0.426534 0.0140609 477.156 0.00433741 1 -25.0768 -3.03864 0.5 31001.8
0 0 165 phononL 0.0030471 2.68458 -1.168 -0.119391 6634.22 0.0030471 1 4.77088 -5.85904 0.5 8088.17
0 0 164 phononTS 0.00399077 2.68458 -1.168 -0.119391 6634.22 0.00399077 1 3.39331 -2.4866 0.5 7010.61
0 0 167 phononTS 0.00554898 -0.41061 0.481283 0.112527 1177.57 0.00554898 1 1.86561 2.03242 -0.5 3686.65
0 0 170 phononTS 0.00179676 -0.946868 0.221178 -0.30166 8516.18 0.00179676 1 11.2017 33.5758 -0.5 31103.9
0 0 168 phononL 0.00294363 -0.674301 -1.89807 0.414151 7409.85 0.00294363 1 2.48212 3.91742 -0.5 9161.73
0 0 174 phononTF 0.00434551 -0.676697 0.508226 -0.273755 3015.65 0.00434551 1 4.15253 22.7555 0.5 13263.5
0 0 176 phononTS 0.00312496 1.03012 -0.0561306 -0.257767 247.5 0.00312496 1 -4.54086 -3.80004 0.5 3026.24
0 0 187 phononTS 0.00437703 1.31086 -6.37685 0.177489 10341.7 0.00437703 1 -13.7209 -11.9317 -0.5 29204.3
0 0 189 phononTF 0.00202851 -1.59759 0.208671 0.444425 3893.22 0.00202851 1 -20.6817 -32.4733 0.465798 12894.2
0 0 191 phononL 0.00245789 -9.26915 -8.52186 0.123926 25567.9 0.00245789 1 -9.74508 -7.3414 0.5 25967.2
0 0 190 phononTS 0.00164929 -9.26915 -8.52186 0.123926 25567.9 0.00164929 1 -37.8202 -7.20304 0.477137 50448.1
0 0 193 phononTS 0.00276288 -4.67201 -7.12083 -0.107887 20174.5 0.00276288 1 -25.9276 -3.8979 -0.5 54221.7
0 0 192 phononTF 0.00340062 -4.67201 -7.12083 -0.107887 20174.5 0.00340062 1 30.0325 -2.6315 -0.5 55959.1
0 0 197 phononTS 0.0061062 1.07036 0.254672 -0.247936 1242.2 0.0061062 1 0.392882 -5.90412 0.5 6271.49
0 0 199 phononTS 0.00136187 1.59914 5.35917 0.278432 10211.6 0.00136187 1 8.06844 24.5006 -0.5 30705.8
0 0 203 phononTS 0.00525076 1.45147 -0.459856 -0.342601 5645.46 0.00525076 1 9.91362 11.152 0.5 19758.9
0 0 202 phononTF 0.00270738 1.45147 -0.459856 -0.342601 5645.46 0.00270738 1 -7.38149 20.7851 -0.5 39819.2
0 0 211 phononTF 0.00371255 0.831754 0.908605 -0.461179 2697.94 0.00371255 1 11.7627 11.1924 0.5 21025.4
0 0 208 phononTF 0.00386119 0.379342 0.279045 0.0333587 2599.09 0.00386119 1 -2.62076 -0.310953 0.5 4826.71
0 0 206 phononL 0.00496477 0.138163 0.0478316 -0.0276244 218.994 0.00496477 1 -9.29515 -17.4161 -0.5 11101.3
0 0 213 phononTF 0.00492023 0.0152199 0.144903 -0.160693 143.73 0.00492023 1 5.46164 7.11934 -0.5 27992
0 0 215 phononL 0.00467272 1.24897 0.285881 -0.138758 10683.6 0.00467272 1 -2.06133 5.32557 -0.5 15300.3
0 0 214 phononTF 0.00208969 1.24897 0.285881 -0.138758 10683.6 0.00208969 1 -3.83366 -0.604178 0.5 18009.8
0 0 233 phononTF 0.00363195 3.59061 1.51217 0.344722 15756.1 0.00363195 1 15.3701 24.1206 -0.5 45221.4
0 0 232 phononL 0.00344384 3.59061 1.51217 0.344722 15756.1 0.00344384 1 1.61531 4.13893 -0.5 19371.7
0 0 230 phononTS 0.00390373 -0.227216 0.201682 0.175587 340.317 0.00390373 1 -5.98001 10.0178 -0.5 28989.1
0 0 235 phononTF 0.00311978 3.98844 2.31366 -0.0192837 5390.87 0.00311978 1 -33.7424 0.482378 0.5 15596.1
0 0 234 phononTS 0.00275997 3.98844 2.31366 -0.0192837 5390.87 0.00275997 1 3.94629 1.04987 0.5 5910.01
0 0 244 phononTF 0.00166539 -5.20359 6.9856 0.021692 11070.7 0.00166539 1 21.8136 3.94589 -0.5 28897.5
0 0 242 phononL 0.0035285 -2.0143 -0.211382 -0.376673 3536.26 0.0035285 1 -23.8412 13.4929 0.5 26239.1
0 0 240 phononTS 0.00427259 0.253038 -0.102025 -0.208717 578.413 0.00427259 1 -5.34717 4.09692 0.5 21493.1
0 0 247 phononTF 0.00797422 -0.0548392 0.0117048 -0.241683 559.442 0.00797422 1 0.34153 -0.470422 0.5 1165.68
0 0 249 phononTS 0.00153224 -7.62169 0.900408 -0.461342 4944.07 0.00153224 1 -10.7855 -7.81517 0.5 28866.2
0 0 248 phononTS 0.00302468 -7.62169 0.900408 -0.461342 4944.07 0.00302468 1 -9.63713 -5.87862 0.5 8302.25
0 0 253 phononTS 0.00445021 -0.348679 0.267841 0.364962 2367.98 0.00445021 1 -7.23669 -16.4838 0.5 22743.1
0 0 252 phononTS 0.00494052 -0.348679 0.267841 0.364962 2367.98 0.00494052 1 0.883252 4.4784 0.5 7937.35
0 0 250 phononTF 0.00236037 -0.113384 -0.0710959 -0.0681286 414.093 0.00236037 1 -3.52458 -16.4194 -0.5 12511.7
0 0 261 phononTF 0.00747777 0.332372 -0.19839 -0.236083 476.204 0.00747777 1 0.78357 2.66892 -0.5 6748.71
0 0 263 phononTS 0.00523938 0.351751 -0.467915 -0.274953 373.374 0.00523938 1 -8.04069 -0.438152 0.5 23960.2
0 0 262 phononTS 0.00307756 0.351751 -0.467915 -0.274953 373.374 0.00307756 1 -17.0926 -16.3735 -0.5 27185.5
0 0 271 phononTS 0.00333553 3.2903 2.59651 0.202364 6556.23 0.00333553 1 5.21326 2.17371 0.5 10231.5
0 0 270 phononL 0.0036636 3.2903 2.59651 0.202364 6556.23 0.0036636 1 13.2807 -16.0625 -0.5 38634.5
0 0 266 phononTS 0.00361732 0.0171069 -0.00212056 0.0335374 30.7227 0.00361732 1 -10.5591 5.43926 0.5 39481.8
0 0 264 phononTS 0.0098721 -0.0169186 -0.00393153 0.00168372 15.2908 0.0098721 1 0.165564 0.203504 -0.5 284.634
0 0 254 phononL 0.00864378 0.000193274 0.000111868 -3.50119e-05 0.273367 0.00864378 1 -0.783465 -0.807618 0.5 941.834
0 0 279 phononL 0.00370285 -5.43569 3.04555 0.173367 18371.7 0.00370285 1 15.8747 6.82809 -0.5 47210
0 0 281 phononL 0.00148703 -0.655506 14.7055 0.374268 26994 0.00148703 1 27.6546 17.2063 0.5 35940.4
0 0 280 phononTF 0.00236205 -0.655506 14.7055 0.374268 26994 0.00236205 1 11.8214 22.3408 -0.5 56806
0 0 276 phononL 0.0036107 -0.822764 0.377359 0.00747536 1616.89 0.0036107 1 1.95667 -0.701035 -0.5 12593
0 0 287 phononL 0.00263431 13.8475 5.94853 -0.267311 39914.7 0.00263431 1 10.1649 7.10133 -0.5 51954
0 0 284 phononTS 0.00327913 2.01257 1.65321 0.340293 9077.47 0.00327913 1 25.0809 3.04507 0.5 29473
0 0 291 phononTF 0.00299816 3.6041 -11.684 -0.464937 22325.2 0.00299816 1 8.4266 -2.35474 0.5 45007.7
0 0 290 phononTF 0.00337281 3.6041 -11.684 -0.464937 22325.2 0.00337281 1 5.48822 -11.7166 0.5 33787.1
0 0 293 phononL 0.00275262 -8.34913 -5.23088 -0.438842 12151.7 0.00275262 1 -7.25069 -7.2663 0.5 13443.5
0 0 292 phononTS 0.000954648 -8.34913 -5.23088 -0.438842 12151.7 0.000954648 1 -23.1461 -16.0467 0.5 31099.4
0 0 303 phononTF 0.00989038 -0.0245729 0.338832 -0.0740462 363.241 0.00989038 1 0.172536 0.389427 0.5 1367.32
0 0 300 phononTS 0.00357383 -0.0447207 0.0386885 0.0613849 55.224 0.00357383 1 18.0922 -30.3131 0.5 35842.8
0 0 306 phononTS 0.00224883 -0.164035 0.0369434 -0.0109063 4027.55 0.00224883 1 -26.3119 -3.87253 0.5 51155.9
0 0 311 phononTS 0.00352138 0.687419 2.15386 -0.040071 2827.37 0.00352138 1 -1.91611 11.3026 0.5 13919.6
0 0 310 phononTS 0.00339825 0.687419 2.15386 -0.040071 2827.37 0.00339825 1 8.12859 14.4754 -0.5 53003.1
0 0 315 phononTS 0.00613836 1.18605 -0.27456 -0.0744513 2157.48 0.00613836 1 4.26851 -10.8059 -0.5 11913.2
0 0 317 phononTS 0.00128013 -11.1513 -28.1173 -0.282414 37712.7 0.00128013 1 -3.66697 -24.2143 0.5 76901.6
0 0 316 phononTF 0.00117499 -11.1513 -28.1173 -0.282414 37712.7 0.00117499 1 25.611 3.0772 0.5 86233.7
0 0 312 phononTF 0.00477833 -0.105915 -0.0755958 -0.0896566 1126.32 0.00477833 1 3.90076 4.73091 -0.5 15054.9
0 0 323 phononL 0.00889331 -0.0522408 -0.0258132 -0.0199822 57.1997 0.00889331 1 -0.475979 0.554522 0.5 3390.95
0 0 327 phononTF 0.00331051 0.282347 0.225751 0.305336 586.402 0.00331051 1 -4.64175 -3.71787 -0.5 5866.76
0 0 326 phononTF 0.00452585 0.282347 0.225751 0.305336 586.402 0.00452585 1 -3.21969 4.95706 0.5 4049.51
0 0 329 phononTF 0.00150396 0.48466 -0.476664 -0.197395 2113.56 0.00150396 1 -2.11485 -5.60505 0.5 3765.39
0 0 328 phononTS 0.00297659 0.48466 -0.476664 -0.197395 2113.56 0.00297659 1 0.483354 -3.67554 -0.5 10580.2
0 0 341 phononTF 0.00298473 7.63629 2.5019 -0.152835 9971.5 0.00298473 1 31.0309 10.5152 0.5 26576.6
0 0 340 phononTF 0.00242281 7.63629 2.5019 -0.152835 9971.5 0.00242281 1 25.1378 -16.7717 0.5 38344.5
0 0 338 phononTS 0.00365923 -0.0405678 -0.961189 -0.355132 962.013 0.00365923 1 -0.574422 -0.847729 0.5 1236.11
0 0 349 phononTF 0.00431722 0.996218 1.14381 0.41442 3204.59 0.00431722 1 3.85317 10.6679 0.5 15836.8
0 0 344 phononL 0.00389588 -0.148095 0.135823 0.0793019 399.162 0.00389588 1 -24.2779 -11.6679 0.5 16095.2
0 0 342 phononTS 0.00137914 -0.074092 0.0791451 0.0780775 334.44 0.00137914 1 -11.7724 14.3128 -0.5 14500.8
0 0 351 phononTS 0.00359738 0.0279328 -0.0250092 0.0308231 15.328 0.00359738 1 9.3207 -5.93378 0.5 14358.1
0 0 353 phononL 0.00207877 1.8597 -2.32434 -0.414202 11514.2 0.00207877 1 -3.79233 4.38185 -0.5 35324.9
0 0 352 phononTF 0.00454995 1.8597 -2.32434 -0.414202 11514.2 0.00454995 1 1.85997 -2.45321 -0.5 11540.7
0 0 358 phononTS 0.00289324 -8.35362 10.9174 -0.0942785 17510.9 0.00289324 1 -8.62808 10.4661 0.5 18426.9
0 0 356 phononL 0.0048555 0.354745 0.79338 0.140285 4871.1 0.0048555 1 17.8453 -17.8738 0.5 34176.6
0 0 361 phononTS 0.00738817 0.517187 -0.305407 -0.0138612 1546.87 0.00738817 1 -1.47886 2.16466 -0.5 9936.09
0 0 360 phononTF 0.00249329 0.517187 -0.305407 -0.0138612 1546.87 0.00249329 1 -26.6585 24.1546 0.5 26809.2
0 0 373 phononTF 0.003197 0.985131 -0.309848 0.0885341 551.995 0.003197 1 -3.07428 -16.3541 -0.5 10753.8
0 0 372 phononTS 0.00377296 0.985131 -0.309848 0.0885341 551.995 0.00377296 1 0.242904 -4.82839 0.5 6300.41
0 0 375 phononTF 0.00383302 0.10964 -0.766297 0.319677 20876.2 0.00383302 1 7.03969 -7.06615 0.5 27861.1
0 0 379 phononTF 0.00260147 10.486 11.4488 -0.0584511 52115.1 0.00260147 1 28.8617 6.70533 -0.5 58720.4
0 0 378 phononTS 0.000756579 10.486 11.4488 -0.0584511 52115.1 0.000756579 1 12.5827 11.563 -0.5 52825.4
0 0 376 phononTS 0.000801096 -7.1778 5.52576 0.160552 47039.9 0.000801096 1 -2.17404 7.30241 -0.5 87574.7
0 0 385 phononTS 0.00435885 0.367223 0.198482 -0.434374 1150.84 0.00435885 1 15.107 -0.631858 -0.5 14640.1
0 0 384 phononTF 0.0048553 0.367223 0.198482 -0.434374 1150.84 0.0048553 1 -10.885 -1.97172 0.5 7644.19
0 0 382 phononTF 0.00531077 -0.0732532 0.0148366 -0.0799711 239.954 0.00531077 1 0.0973822 -0.155067 -0.5 2424.24
0 0 387 phononTS 0.00500041 -0.316472 -1.29284 0.296086 1196.12 0.00500041 1 -10.064 -6.42255 0.5 14498.5
0 0 386 phononTS 0.00462323 -0.316472 -1.29284 0.296086 1196.12 0.00462323 1 -10.1173 5.54116 0.5 27967.7
0 0 390 phononTS 0.00524608 -0.628209 -0.16603 0.0490201 3495.45 0.00524608 1 -2.10084 -3.72812 -0.5 6669.58
0 0 388 phononTS 0.00402184 -1.35825 -1.12144 -0.0725593 2627.25 0.00402184 1 -8.93593 -6.10241 0.5 15510.4
0 0 399 phononTF 0.00520529 -0.203619 -0.138879 -0.408247 2944.94 0.00520529 1 11.8276 6.03426 0.5 13772.3
0 0 398 phononTF 0.00242387 -0.203619 -0.138879 -0.408247 2944.94 0.00242387 1 11.2308 -15.9318 0.5 16059
0 0 396 phononTS 0.00248341 -0.235365 -0.0451411 -0.309048 2883.73 0.00248341 1 1.41697 -3.71246 0.5 4667.6
0 0 401 phononTF 0.00493104 -0.18593 -0.330689 -0.157126 281.305 0.00493104 1 -13.7203 8.41624 0.5 21711.7
0 0 400 phononTS 0.00213212 -0.18593 -0.330689 -0.157126 281.305 0.00213212 1 4.12414 -6.15637 0.5 4714.57
0 0 409 phononTF 0.00137494 2.46581 7.21676 -0.198039 8801.96 0.00137494 1 10.9547 4.2087 -0.5 10508.3
0 0 408 phononTS 0.00243261 2.46581 7.21676 -0.198039 8801.96 0.00243261 1 -3.57742 6.92903 0.5 23334.4
0 0 406 phononTS 0.0040356 -1.51457 1.72382 0.367176 3855.13 0.0040356 1 17.745 -4.47406 -0.5 26051.5
0 0 411 phononTS 0.0048114 -3.31256 0.887007 -0.206476 6009.23 0.0048114 1 -1.21632 3.8969 0.5 24120.2
0 0 410 phononTS 0.00176034 -3.31256 0.887007 -0.206476 6009.23 0.00176034 1 -7.05649 7.17636 0.5 11165.5
0 0 415 phononL 0.00690547 0.0203045 0.161644 -0.296934 752.916 0.00690547 1 -0.590961 -1.18929 -0.5 3119.86
0 0 414 phononL 0.0034571 0.0203045 0.161644 -0.296934 752.916 0.0034571 1 3.66825 0.650175 0.5 25979.2
0 0 412 phononTF 0.00470377 -0.177704 0.152962 -0.136983 462.508 0.00470377 1 -7.2677 3.1833 0.5 6032.84
0 0 419 phononTS 0.00563442 -0.374568 -0.0520778 0.218088 849.667 0.00563442 1 0.46233 0.592627 0.5 1163.01
0 0 418 phononTF 0.00449404 -0.374568 -0.0520778 0.218088 849.667 0.00449404 1 -3.78039 -1.5847 -0.5 13172.1
0 0 421 phononTS 0.00540443 -0.604707 0.572313 0.265381 2512.2 0.00540443 1 -1.07661 -4.66834 0.5 34146.7
0 0 420 phononTF 0.00516849 -0.604707 0.572313 0.265381 2512.2 0.00516849 1 -12.1238 0.487903 -0.5 8630.84
0 0 431 phononTS 0.00644201 0.0612459 0.062128 0.12284 58.5457 0.00644201 1 -0.733137 -4.67427 -0.5 4726.52
0 0 433 phononTS 0.00250669 -1.0735 0.329078 -0.12333 959.525 0.00250669 1 27.9913 -5.5496 0.5 40815
0 0 435 phononTS 0.00418779 -0.0660867 1.99078 0.253318 8298.09 0.00418779 1 -2.62944 16.5602 0.5 21523.2
0 0 441 phononTS 0.00331351 1.07834 -4.23221 -0.398653 9897.38 0.00331351 1 18.4815 2.70885 -0.5 20399.9
0 0 440 phononTS 0.00415972 1.07834 -4.23221 -0.398653 9897.38 0.00415972 1 3.62114 -13.9675 0.5 45549.3
0 0 438 phononL 0.00465015 -0.23426 0.115201 0.396874 547.561 0.00465015 1 -3.66115 2.4727 0.5 5030.23
0 0 445 phononTF 0.00375388 3.58012 -4.50889 -0.0863491 15714.1 0.00375388 1 3.49625 -7.34974 0.5 23517.9
0 0 444 phononTS 0.00268835 3.58012 -4.50889 -0.0863491 15714.1 0.00268835 1 3.2929 7.63572 0.5 40626.8
0 0 451 phononTF 0.00292666 -7.77156 6.06374 -0.182169 13644.3 0.00292666 1 -8.76859 16.6569 0.5 27418.8
0 0 450 phononTS 0.00335813 -7.77156 6.06374 -0.182169 13644.3 0.00335813 1 10.7397 0.967798 0.5 36760.4
0 0 456 phononTF 0.00467917 -0.644104 0.788424 0.308155 3378.44 0.00467917 1 -1.81068 -0.540612 0.5 3911.62
0 0 454 phononTS 0.00337816 0.580743 -0.0261088 -0.248906 447.45 0.00337816 1 -2.32481 -15.0434 -0.5 13603.1
0 0 463 phononTS 0.00503761 -2.41765 -4.7005 -0.290427 8950.36 0.00503761 1 -6.22514 3.60936 0.5 30507.7
0 0 462 phononTS 0.00202837 -2.41765 -4.7005 -0.290427 8950.36 0.00202837 1 -3.02098 33.2968 0.5 20013.2
0 0 467 phononL 0.00123289 -1.55135 3.26473 0.453008 8417.3 0.00123289 1 -10.9776 -3.6329 0.5 47194.7
0 0 466 phononTF 0.00269475 -1.55135 3.26473 0.453008 8417.3 0.00269475 1 -3.64712 14.8009 0.5 12128.6
0 0 474 phononL 0.0048609 1.2841 -1.78071 0.0712376 6488.35 0.0048609 1 -4.8696 -13.3344 0.5 28712.7
0 0 477 phononTS 0.00346705 -0.59481 -0.427405 -0.0222274 445.343 0.00346705 1 -1.87761 -11.2466 0.5 23436.3
0 0 476 phononTS 0.00601517 -0.59481 -0.427405 -0.0222274 445.343 0.00601517 1 -1.11391 -0.296144 -0.5 714.47
0 0 481 phononTF 0.00410065 -0.10629 0.370546 0.195518 1387.03 0.00410065 1 -14.2918 -1.48845 -0.5 21235.8
0 0 483 phononTF 0.00404115 1.92284 1.27834 -0.0406475 15166.6 0.00404115 1 5.38327 -5.56606 0.5 38992.6
0 0 482 phononTF 0.00311455 1.92284 1.27834 -0.0406475 15166.6 0.00311455 1 11.7681 -11.2237 0.5 26950.6
0 0 485 phononTS 0.00349812 0.14884 0.368548 0.140827 2602.18 0.00349812 1 -1.7504 5.49534 -0.5 5890.85
0 0 484 phononTS 0.00624676 0.14884 0.368548 0.140827 2602.18 0.00624676 1 -0.00660626 4.97465 0.5 17421.9
0 0 491 phononTS 0.0051976 -0.526853 -0.67326 0.471939 605.827 0.0051976 1 8.91945 -6.24092 0.5 18464
0 0 490 phononTF 0.00243743 -0.526853 -0.67326 0.471939 605.827 0.00243743 1 14.6835 -14.8923 -0.5 28234.1
0 0 493 phononL 0.0045073 -0.0367519 -0.672499 0.0859352 1142.73 0.0045073 1 3.71033 1.63692 0.5 15037.9
0 0 492 phononL 0.00299874 -0.0367519 -0.672499 0.0859352 1142.73 0.00299874 1 3.76641 -6.44673 0.5 16107.8
0 0 497 phononTF 0.00239804 -1.02559 -0.324441 -0.232384 4307.59 0.00239804 1 13.2661 12.5618 -0.5 41596.1
0 0 496 phononTS 0.00557928 -1.02559 -0.324441 -0.232384 4307.59 0.00557928 1 0.767197 -1.12009 0.5 6239.74
0 0 509 phononTF 0.00378077 2.46135 3.69244 -0.469331 8665.74 0.00378077 1 2.44443 2.43241 0.5 12615.9
0 0 508 phononTS 0.00383973 2.46135 3.69244 -0.469331 8665.74 0.00383973 1 2.53913 -4.73302 -0.5 14015.2
0 0 511 phononL 0.00474113 0.605436 0.227072 -0.175326 1371.69 0.00474113 1 3.56898 -3.48894 0.5 15034.6
0 0 510 phononTF 0.00589318 0.605436 0.227072 -0.175326 1371.69 0.00589318 1 2.44492 -1.70092 0.5 6351.11
0 0 512 phononL 0.00645425 0.136377 -0.00536659 -0.304887 83.8098 0.00645425 1 0.327538 -0.716853 -0.5 355.501
0 0 523 phononL 0.00208155 7.22089 2.27046 -0.097007 26958.8 0.00208155 1 8.65898 1.52706 -0.5 27910.4
0 0 522 phononTS 0.00197583 7.22089 2.27046 -0.097007 26958.8 0.00197583 1 2.55789 1.7779 0.5 29145.3
0 0 516 phononL 0.00568488 -0.139235 0.0693261 0.0159612 183.972 0.00568488 1 -0.306958 1.09901 0.5 9334.32
0 0 514 phononTF 0.00787297 -0.0235427 -0.0117175 -0.0136197 34.1881 0.00787297 1 -0.666602 -2.37453 -0.5 3897.44
0 0 531 phononTS 0.00557045 -0.598697 -0.0736341 0.265337 590.82 0.00557045 1 2.94689 -12.8444 0.5 30548.9
0 0 530 phononTS 0.00333999 -0.598697 -0.0736341 0.265337 590.82 0.00333999 1 -4.1132 -3.217 0.5 14240.6
0 0 528 phononTS 0.00242449 -0.604456 -0.0626445 0.258183 589.259 0.00242449 1 -16.4137 -31.4775 -0.5 27938.3
0 0 533 phononL 0.00445329 -0.995284 0.942335 -0.490971 4052.36 0.00445329 1 7.75669 7.17959 0.5 41116.1
0 0 532 phononTS 0.00465261 -0.995284 0.942335 -0.490971 4052.36 0.00465261 1 12.3657 -5.38013 0.5 28551.9
0 0 541 phononTS 0.00271099 -0.132864 1.48918 0.389837 9142.86 0.00271099 1 12.6378 0.155397 0.5 16657.1
0 0 540 phononTF 0.0031868 -0.132864 1.48918 0.389837 9142.86 0.0031868 1 -3.73824 13.7607 -0.5 16403.2
0 0 538 phononTF 0.0025867 1.2075 1.12627 0.213669 7478.95 0.0025867 1 -24.2683 6.18646 0.5 35870.6
0 0 536 phononL 0.0057082 -0.0268251 -0.0306981 -0.168765 251.877 0.0057082 1 -2.40541 1.26361 0.5 4410.62
0 0 543 phononTS 0.00585273 0.615365 0.172268 0.0931805 1744.31 0.00585273 1 5.29024 -0.33601 0.5 22034.4
0 0 542 phononTS 0.00572807 0.615365 0.172268 0.0931805 1744.31 0.00572807 1 -2.35821 -10.8778 0.5 16079
