Run ID,Event ID,Particle Name,Start Energy [eV],Start X [mm],Start Y [mm],Start Z [mm],Start Time [ns]
0 0 gamma 2 0 0 -2 0
0 1 gamma 2 0 0 -2 0
0 2 gamma 2 0 0 -2 0
0 3 gamma 2 0 0 -2 0
0 4 gamma 2 0 0 -2 0
0 5 gamma 2 0 0 -2 0
0 6 gamma 2 0 0 -2 0
0 7 gamma 2 0 0 -2 0
0 8 gamma 2 0 0 -2 0
0 9 gamma 2 0 0 -2 0
0 10 gamma 2 0 0 -2 0
0 11 gamma 2 0 0 -2 0
0 12 gamma 2 0 0 -2 0
0 13 gamma 2 0 0 -2 0
0 14 gamma 2 0 0 -2 0
0 15 gamma 2 0 0 -2 0
0 16 gamma 2 0 0 -2 0
0 17 gamma 2 0 0 -2 0
0 18 gamma 2 0 0 -2 0
0 19 gamma 2 0 0 -2 0
0 20 gamma 2 0 0 -2 0
0 21 gamma 2 0 0 -2 0
0 22 gamma 2 0 0 -2 0
0 23 gamma 2 0 0 -2 0
0 24 gamma 2 0 0 -2 0
0 25 gamma 2 0 0 -2 0
0 26 gamma 2 0 0 -2 0
0 27 gamma 2 0 0 -2 0
0 28 gamma 2 0 0 -2 0
0 29 gamma 2 0 0 -2 0
0 30 gamma 2 0 0 -2 0
0 31 gamma 2 0 0 -2 0
0 32 gamma 2 0 0 -2 0
0 33 gamma 2 0 0 -2 0
0 34 gamma 2 0 0 -2 0
0 35 gamma 2 0 0 -2 0
0 36 gamma 2 0 0 -2 0
0 37 gamma 2 0 0 -2 0
0 38 gamma 2 0 0 -2 0
0 39 gamma 2 0 0 -2 0
0 40 gamma 2 0 0 -2 0
0 41 gamma 2 0 0 -2 0
0 42 gamma 2 0 0 -2 0
0 43 gamma 2 0 0 -2 0
0 44 gamma 2 0 0 -2 0
0 45 gamma 2 0 0 -2 0
0 46 gamma 2 0 0 -2 0
0 47 gamma 2 0 0 -2 0
0 48 gamma 2 0 0 -2 0
0 49 gamma 2 0 0 -2 0
0 50 gamma 2 0 0 -2 0
0 51 gamma 2 0 0 -2 0
0 52 gamma 2 0 0 -2 0
0 53 gamma 2 0 0 -2 0
0 54 gamma 2 0 0 -2 0
0 55 gamma 2 0 0 -2 0
0 56 gamma 2 0 0 -2 0
0 57 gamma 2 0 0 -2 0
0 58 gamma 2 0 0 -2 0
0 59 gamma 2 0 0 -2 0
0 60 gamma 2 0 0 -2 0
0 61 gamma 2 0 0 -2 0
0 62 gamma 2 0 0 -2 0
0 63 gamma 2 0 0 -2 0
0 64 gamma 2 0 0 -2 0
0 65 gamma 2 0 0 -2 0
0 66 gamma 2 0 0 -2 0
0 67 gamma 2 0 0 -2 0
0 68 gamma 2 0 0 -2 0
0 69 gamma 2 0 0 -2 0
0 70 gamma 2 0 0 -2 0
0 71 gamma 2 0 0 -2 0
0 72 gamma 2 0 0 -2 0
0 73 gamma 2 0 0 -2 0
0 74 gamma 2 0 0 -2 0
0 75 gamma 2 0 0 -2 0
0 76 gamma 2 0 0 -2 0
0 77 gamma 2 0 0 -2 0
0 78 gamma 2 0 0 -2 0
0 79 gamma 2 0 0 -2 0
0 80 gamma 2 0 0 -2 0
0 81 gamma 2 0 0 -2 0
0 82 gamma 2 0 0 -2 0
0 83 gamma 2 0 0 -2 0
0 84 gamma 2 0 0 -2 0
0 85 gamma 2 0 0 -2 0
0 86 gamma 2 0 0 -2 0
0 87 gamma 2 0 0 -2 0
0 88 gamma 2 0 0 -2 0
0 89 gamma 2 0 0 -2 0
0 90 gamma 2 0 0 -2 0
0 91 gamma 2 0 0 -2 0
0 92 gamma 2 0 0 -2 0
0 93 gamma 2 0 0 -2 0
0 94 gamma 2 0 0 -2 0
0 95 gamma 2 0 0 -2 0
0 96 gamma 2 0 0 -2 0
0 97 gamma 2 0 0 -2 0
0 98 gamma 2 0 0 -2 0
0 99 gamma 2 0 0 -2 0
0 100 gamma 2 0 0 -2 0
0 101 gamma 2 0 0 -2 0
0 102 gamma 2 0 0 -2 0
0 103 gamma 2 0 0 -2 0
0 104 gamma 2 0 0 -2 0
0 105 gamma 2 0 0 -2 0
0 106 gamma 2 0 0 -2 0
0 107 gamma 2 0 0 -2 0
0 108 gamma 2 0 0 -2 0
0 109 gamma 2 0 0 -2 0
0 110 gamma 2 0 0 -2 0
0 111 gamma 2 0 0 -2 0
0 112 gamma 2 0 0 -2 0
0 113 gamma 2 0 0 -2 0
0 114 gamma 2 0 0 -2 0
0 115 gamma 2 0 0 -2 0
0 116 gamma 2 0 0 -2 0
0 117 gamma 2 0 0 -2 0
0 118 gamma 2 0 0 -2 0
0 119 gamma 2 0 0 -2 0
0 120 gamma 2 0 0 -2 0
0 121 gamma 2 0 0 -2 0
0 122 gamma 2 0 0 -2 0
0 123 gamma 2 0 0 -2 0
0 124 gamma 2 0 0 -2 0
0 125 gamma 2 0 0 -2 0
0 126 gamma 2 0 0 -2 0
0 127 gamma 2 0 0 -2 0
0 128 gamma 2 0 0 -2 0
0 129 gamma 2 0 0 -2 0
0 130 gamma 2 0 0 -2 0
0 131 gamma 2 0 0 -2 0
0 132 gamma 2 0 0 -2 0
0 133 gamma 2 0 0 -2 0
0 134 gamma 2 0 0 -2 0
0 135 gamma 2 0 0 -2 0
0 136 gamma 2 0 0 -2 0
0 137 gamma 2 0 0 -2 0
0 138 gamma 2 0 0 -2 0
0 139 gamma 2 0 0 -2 0
0 140 gamma 2 0 0 -2 0
0 141 gamma 2 0 0 -2 0
0 142 gamma 2 0 0 -2 0
0 143 gamma 2 0 0 -2 0
0 144 gamma 2 0 0 -2 0
0 145 gamma 2 0 0 -2 0
0 146 gamma 2 0 0 -2 0
0 147 gamma 2 0 0 -2 0
0 148 gamma 2 0 0 -2 0
0 149 gamma 2 0 0 -2 0
0 150 gamma 2 0 0 -2 0
0 151 gamma 2 0 0 -2 0
0 152 gamma 2 0 0 -2 0
0 153 gamma 2 0 0 -2 0
0 154 gamma 2 0 0 -2 0
0 155 gamma 2 0 0 -2 0
0 156 gamma 2 0 0 -2 0
0 157 gamma 2 0 0 -2 0
0 158 gamma 2 0 0 -2 0
0 159 gamma 2 0 0 -2 0
0 160 gamma 2 0 0 -2 0
0 161 gamma 2 0 0 -2 0
0 162 gamma 2 0 0 -2 0
0 163 gamma 2 0 0 -2 0
0 164 gamma 2 0 0 -2 0
0 165 gamma 2 0 0 -2 0
0 166 gamma 2 0 0 -2 0
0 167 gamma 2 0 0 -2 0
0 168 gamma 2 0 0 -2 0
0 169 gamma 2 0 0 -2 0
0 170 gamma 2 0 0 -2 0
0 171 gamma 2 0 0 -2 0
0 172 gamma 2 0 0 -2 0
0 173 gamma 2 0 0 -2 0
0 174 gamma 2 0 0 -2 0
0 175 gamma 2 0 0 -2 0
0 176 gamma 2 0 0 -2 0
0 177 gamma 2 0 0 -2 0
0 178 gamma 2 0 0 -2 0
0 179 gamma 2 0 0 -2 0
0 180 gamma 2 0 0 -2 0
0 181 gamma 2 0 0 -2 0
0 182 gamma 2 0 0 -2 0
0 183 gamma 2 0 0 -2 0
0 184 gamma 2 0 0 -2 0
0 185 gamma 2 0 0 -2 0
0 186 gamma 2 0 0 -2 0
0 187 gamma 2 0 0 -2 0
0 188 gamma 2 0 0 -2 0
0 189 gamma 2 0 0 -2 0
0 190 gamma 2 0 0 -2 0
0 191 gamma 2 0 0 -2 0
0 192 gamma 2 0 0 -2 0
0 193 gamma 2 0 0 -2 0
0 194 gamma 2 0 0 -2 0
0 195 gamma 2 0 0 -2 0
0 196 gamma 2 0 0 -2 0
0 197 gamma 2 0 0 -2 0
0 198 gamma 2 0 0 -2 0
0 199 gamma 2 0 0 -2 0
0 200 gamma 2 0 0 -2 0
0 201 gamma 2 0 0 -2 0
0 202 gamma 2 0 0 -2 0
0 203 gamma 2 0 0 -2 0
0 204 gamma 2 0 0 -2 0
0 205 gamma 2 0 0 -2 0
0 206 gamma 2 0 0 -2 0
0 207 gamma 2 0 0 -2 0
0 208 gamma 2 0 0 -2 0
0 209 gamma 2 0 0 -2 0
0 210 gamma 2 0 0 -2 0
0 211 gamma 2 0 0 -2 0
0 212 gamma 2 0 0 -2 0
0 213 gamma 2 0 0 -2 0
0 214 gamma 2 0 0 -2 0
0 215 gamma 2 0 0 -2 0
0 216 gamma 2 0 0 -2 0
0 217 gamma 2 0 0 -2 0
0 218 gamma 2 0 0 -2 0
0 219 gamma 2 0 0 -2 0
0 220 gamma 2 0 0 -2 0
0 221 gamma 2 0 0 -2 0
0 222 gamma 2 0 0 -2 0
0 223 gamma 2 0 0 -2 0
0 224 gamma 2 0 0 -2 0
0 225 gamma 2 0 0 -2 0
0 226 gamma 2 0 0 -2 0
0 227 gamma 2 0 0 -2 0
0 228 gamma 2 0 0 -2 0
0 229 gamma 2 0 0 -2 0
0 230 gamma 2 0 0 -2 0
0 231 gamma 2 0 0 -2 0
0 232 gamma 2 0 0 -2 0
0 233 gamma 2 0 0 -2 0
0 234 gamma 2 0 0 -2 0
0 235 gamma 2 0 0 -2 0
0 236 gamma 2 0 0 -2 0
0 237 gamma 2 0 0 -2 0
0 238 gamma 2 0 0 -2 0
0 239 gamma 2 0 0 -2 0
0 240 gamma 2 0 0 -2 0
0 241 gamma 2 0 0 -2 0
0 242 gamma 2 0 0 -2 0
0 243 gamma 2 0 0 -2 0
0 244 gamma 2 0 0 -2 0
0 245 gamma 2 0 0 -2 0
0 246 gamma 2 0 0 -2 0
0 247 gamma 2 0 0 -2 0
0 248 gamma 2 0 0 -2 0
0 249 gamma 2 0 0 -2 0
0 250 gamma 2 0 0 -2 0
0 251 gamma 2 0 0 -2 0
0 252 gamma 2 0 0 -2 0
0 253 gamma 2 0 0 -2 0
0 254 gamma 2 0 0 -2 0
0 255 gamma 2 0 0 -2 0
0 256 gamma 2 0 0 -2 0
0 257 gamma 2 0 0 -2 0
0 258 gamma 2 0 0 -2 0
0 259 gamma 2 0 0 -2 0
0 260 gamma 2 0 0 -2 0
0 261 gamma 2 0 0 -2 0
0 262 gamma 2 0 0 -2 0
0 263 gamma 2 0 0 -2 0
0 264 gamma 2 0 0 -2 0
0 265 gamma 2 0 0 -2 0
0 266 gamma 2 0 0 -2 0
0 267 gamma 2 0 0 -2 0
0 268 gamma 2 0 0 -2 0
0 269 gamma 2 0 0 -2 0
0 270 gamma 2 0 0 -2 0
0 271 gamma 2 0 0 -2 0
0 272 gamma 2 0 0 -2 0
0 273 gamma 2 0 0 -2 0
0 274 gamma 2 0 0 -2 0
0 275 gamma 2 0 0 -2 0
0 276 gamma 2 0 0 -2 0
0 277 gamma 2 0 0 -2 0
0 278 gamma 2 0 0 -2 0
0 279 gamma 2 0 0 -2 0
0 280 gamma 2 0 0 -2 0
0 281 gamma 2 0 0 -2 0
0 282 gamma 2 0 0 -2 0
0 283 gamma 2 0 0 -2 0
0 284 gamma 2 0 0 -2 0
0 285 gamma 2 0 0 -2 0
0 286 gamma 2 0 0 -2 0
0 287 gamma 2 0 0 -2 0
0 288 gamma 2 0 0 -2 0
0 289 gamma 2 0 0 -2 0
0 290 gamma 2 0 0 -2 0
0 291 gamma 2 0 0 -2 0
0 292 gamma 2 0 0 -2 0
0 293 gamma 2 0 0 -2 0
0 294 gamma 2 0 0 -2 0
0 295 gamma 2 0 0 -2 0
0 296 gamma 2 0 0 -2 0
0 297 gamma 2 0 0 -2 0
0 298 gamma 2 0 0 -2 0
0 299 gamma 2 0 0 -2 0
0 300 gamma 2 0 0 -2 0
0 301 gamma 2 0 0 -2 0
0 302 gamma 2 0 0 -2 0
0 303 gamma 2 0 0 -2 0
0 304 gamma 2 0 0 -2 0
0 305 gamma 2 0 0 -2 0
0 306 gamma 2 0 0 -2 0
0 307 gamma 2 0 0 -2 0
0 308 gamma 2 0 0 -2 0
0 309 gamma 2 0 0 -2 0
0 310 gamma 2 0 0 -2 0
0 311 gamma 2 0 0 -2 0
0 312 gamma 2 0 0 -2 0
0 313 gamma 2 0 0 -2 0
0 314 gamma 2 0 0 -2 0
0 315 gamma 2 0 0 -2 0
0 316 gamma 2 0 0 -2 0
0 317 gamma 2 0 0 -2 0
0 318 gamma 2 0 0 -2 0
0 319 gamma 2 0 0 -2 0
0 320 gamma 2 0 0 -2 0
0 321 gamma 2 0 0 -2 0
0 322 gamma 2 0 0 -2 0
0 323 gamma 2 0 0 -2 0
0 324 gamma 2 0 0 -2 0
0 325 gamma 2 0 0 -2 0
0 326 gamma 2 0 0 -2 0
0 327 gamma 2 0 0 -2 0
0 328 gamma 2 0 0 -2 0
0 329 gamma 2 0 0 -2 0
0 330 gamma 2 0 0 -2 0
0 331 gamma 2 0 0 -2 0
0 332 gamma 2 0 0 -2 0
0 333 gamma 2 0 0 -2 0
0 334 gamma 2 0 0 -2 0
0 335 gamma 2 0 0 -2 0
0 336 gamma 2 0 0 -2 0
0 337 gamma 2 0 0 -2 0
0 338 gamma 2 0 0 -2 0
0 339 gamma 2 0 0 -2 0
0 340 gamma 2 0 0 -2 0
0 341 gamma 2 0 0 -2 0
0 342 gamma 2 0 0 -2 0
0 343 gamma 2 0 0 -2 0
0 344 gamma 2 0 0 -2 0
0 345 gamma 2 0 0 -2 0
0 346 gamma 2 0 0 -2 0
0 347 gamma 2 0 0 -2 0
0 348 gamma 2 0 0 -2 0
0 349 gamma 2 0 0 -2 0
0 350 gamma 2 0 0 -2 0
0 351 gamma 2 0 0 -2 0
0 352 gamma 2 0 0 -2 0
0 353 gamma 2 0 0 -2 0
0 354 gamma 2 0 0 -2 0
0 355 gamma 2 0 0 -2 0
0 356 gamma 2 0 0 -2 0
0 357 gamma 2 0 0 -2 0
0 358 gamma 2 0 0 -2 0
0 359 gamma 2 0 0 -2 0
0 360 gamma 2 0 0 -2 0
0 361 gamma 2 0 0 -2 0
0 362 gamma 2 0 0 -2 0
0 363 gamma 2 0 0 -2 0
0 364 gamma 2 0 0 -2 0
0 365 gamma 2 0 0 -2 0
0 366 gamma 2 0 0 -2 0
0 367 gamma 2 0 0 -2 0
0 368 gamma 2 0 0 -2 0
0 369 gamma 2 0 0 -2 0
0 370 gamma 2 0 0 -2 0
0 371 gamma 2 0 0 -2 0
0 372 gamma 2 0 0 -2 0
0 373 gamma 2 0 0 -2 0
0 374 gamma 2 0 0 -2 0
0 375 gamma 2 0 0 -2 0
0 376 gamma 2 0 0 -2 0
0 377 gamma 2 0 0 -2 0
0 378 gamma 2 0 0 -2 0
0 379 gamma 2 0 0 -2 0
0 380 gamma 2 0 0 -2 0
0 381 gamma 2 0 0 -2 0
0 382 gamma 2 0 0 -2 0
0 383 gamma 2 0 0 -2 0
0 384 gamma 2 0 0 -2 0
0 385 gamma 2 0 0 -2 0
0 386 gamma 2 0 0 -2 0
0 387 gamma 2 0 0 -2 0
0 388 gamma 2 0 0 -2 0
0 389 gamma 2 0 0 -2 0
0 390 gamma 2 0 0 -2 0
0 391 gamma 2 0 0 -2 0
0 392 gamma 2 0 0 -2 0
0 393 gamma 2 0 0 -2 0
0 394 gamma 2 0 0 -2 0
0 395 gamma 2 0 0 -2 0
0 396 gamma 2 0 0 -2 0
0 397 gamma 2 0 0 -2 0
0 398 gamma 2 0 0 -2 0
0 399 gamma 2 0 0 -2 0
0 400 gamma 2 0 0 -2 0
0 401 gamma 2 0 0 -2 0
0 402 gamma 2 0 0 -2 0
0 403 gamma 2 0 0 -2 0
0 404 gamma 2 0 0 -2 0
0 405 gamma 2 0 0 -2 0
0 406 gamma 2 0 0 -2 0
0 407 gamma 2 0 0 -2 0
0 408 gamma 2 0 0 -2 0
0 409 gamma 2 0 0 -2 0
0 410 gamma 2 0 0 -2 0
0 411 gamma 2 0 0 -2 0
0 412 gamma 2 0 0 -2 0
0 413 gamma 2 0 0 -2 0
0 414 gamma 2 0 0 -2 0
0 415 gamma 2 0 0 -2 0
0 416 gamma 2 0 0 -2 0
0 417 gamma 2 0 0 -2 0
0 418 gamma 2 0 0 -2 0
0 419 gamma 2 0 0 -2 0
0 420 gamma 2 0 0 -2 0
0 421 gamma 2 0 0 -2 0
0 422 gamma 2 0 0 -2 0
0 423 gamma 2 0 0 -2 0
0 424 gamma 2 0 0 -2 0
0 425 gamma 2 0 0 -2 0
0 426 gamma 2 0 0 -2 0
0 427 gamma 2 0 0 -2 0
0 428 gamma 2 0 0 -2 0
0 429 gamma 2 0 0 -2 0
0 430 gamma 2 0 0 -2 0
0 431 gamma 2 0 0 -2 0
0 432 gamma 2 0 0 -2 0
0 433 gamma 2 0 0 -2 0
0 434 gamma 2 0 0 -2 0
0 435 gamma 2 0 0 -2 0
0 436 gamma 2 0 0 -2 0
0 437 gamma 2 0 0 -2 0
0 438 gamma 2 0 0 -2 0
0 439 gamma 2 0 0 -2 0
0 440 gamma 2 0 0 -2 0
0 441 gamma 2 0 0 -2 0
0 442 gamma 2 0 0 -2 0
0 443 gamma 2 0 0 -2 0
0 444 gamma 2 0 0 -2 0
0 445 gamma 2 0 0 -2 0
0 446 gamma 2 0 0 -2 0
0 447 gamma 2 0 0 -2 0
0 448 gamma 2 0 0 -2 0
0 449 gamma 2 0 0 -2 0
0 450 gamma 2 0 0 -2 0
0 451 gamma 2 0 0 -2 0
0 452 gamma 2 0 0 -2 0
0 453 gamma 2 0 0 -2 0
0 454 gamma 2 0 0 -2 0
0 455 gamma 2 0 0 -2 0
0 456 gamma 2 0 0 -2 0
0 457 gamma 2 0 0 -2 0
0 458 gamma 2 0 0 -2 0
0 459 gamma 2 0 0 -2 0
0 460 gamma 2 0 0 -2 0
0 461 gamma 2 0 0 -2 0
0 462 gamma 2 0 0 -2 0
0 463 gamma 2 0 0 -2 0
0 464 gamma 2 0 0 -2 0
0 465 gamma 2 0 0 -2 0
0 466 gamma 2 0 0 -2 0
0 467 gamma 2 0 0 -2 0
0 468 gamma 2 0 0 -2 0
0 469 gamma 2 0 0 -2 0
0 470 gamma 2 0 0 -2 0
0 471 gamma 2 0 0 -2 0
0 472 gamma 2 0 0 -2 0
0 473 gamma 2 0 0 -2 0
0 474 gamma 2 0 0 -2 0
0 475 gamma 2 0 0 -2 0
0 476 gamma 2 0 0 -2 0
0 477 gamma 2 0 0 -2 0
0 478 gamma 2 0 0 -2 0
0 479 gamma 2 0 0 -2 0
0 480 gamma 2 0 0 -2 0
0 481 gamma 2 0 0 -2 0
0 482 gamma 2 0 0 -2 0
0 483 gamma 2 0 0 -2 0
0 484 gamma 2 0 0 -2 0
0 485 gamma 2 0 0 -2 0
0 486 gamma 2 0 0 -2 0
0 487 gamma 2 0 0 -2 0
0 488 gamma 2 0 0 -2 0
0 489 gamma 2 0 0 -2 0
0 490 gamma 2 0 0 -2 0
0 491 gamma 2 0 0 -2 0
0 492 gamma 2 0 0 -2 0
0 493 gamma 2 0 0 -2 0
0 494 gamma 2 0 0 -2 0
0 495 gamma 2 0 0 -2 0
0 496 gamma 2 0 0 -2 0
0 497 gamma 2 0 0 -2 0
0 498 gamma 2 0 0 -2 0
0 499 gamma 2 0 0 -2 0
0 500 gamma 2 0 0 -2 0
0 501 gamma 2 0 0 -2 0
0 502 gamma 2 0 0 -2 0
0 503 gamma 2 0 0 -2 0
0 504 gamma 2 0 0 -2 0
0 505 gamma 2 0 0 -2 0
0 506 gamma 2 0 0 -2 0
0 507 gamma 2 0 0 -2 0
0 508 gamma 2 0 0 -2 0
0 509 gamma 2 0 0 -2 0
0 510 gamma 2 0 0 -2 0
0 511 gamma 2 0 0 -2 0
0 512 gamma 2 0 0 -2 0
0 513 gamma 2 0 0 -2 0
0 514 gamma 2 0 0 -2 0
0 515 gamma 2 0 0 -2 0
0 516 gamma 2 0 0 -2 0
0 517 gamma 2 0 0 -2 0
0 518 gamma 2 0 0 -2 0
0 519 gamma 2 0 0 -2 0
0 520 gamma 2 0 0 -2 0
0 521 gamma 2 0 0 -2 0
0 522 gamma 2 0 0 -2 0
0 523 gamma 2 0 0 -2 0
0 524 gamma 2 0 0 -2 0
0 525 gamma 2 0 0 -2 0
0 526 gamma 2 0 0 -2 0
0 527 gamma 2 0 0 -2 0
0 528 gamma 2 0 0 -2 0
0 529 gamma 2 0 0 -2 0
0 530 gamma 2 0 0 -2 0
0 531 gamma 2 0 0 -2 0
0 532 gamma 2 0 0 -2 0
0 533 gamma 2 0 0 -2 0
0 534 gamma 2 0 0 -2 0
0 535 gamma 2 0 0 -2 0
0 536 gamma 2 0 0 -2 0
0 537 gamma 2 0 0 -2 0
0 538 gamma 2 0 0 -2 0
0 539 gamma 2 0 0 -2 0
0 540 gamma 2 0 0 -2 0
0 541 gamma 2 0 0 -2 0
0 542 gamma 2 0 0 -2 0
0 543 gamma 2 0 0 -2 0
0 544 gamma 2 0 0 -2 0
0 545 gamma 2 0 0 -2 0
0 546 gamma 2 0 0 -2 0
0 547 gamma 2 0 0 -2 0
0 548 gamma 2 0 0 -2 0
0 549 gamma 2 0 0 -2 0
0 550 gamma 2 0 0 -2 0
0 551 gamma 2 0 0 -2 0
0 552 gamma 2 0 0 -2 0
0 553 gamma 2 0 0 -2 0
0 554 gamma 2 0 0 -2 0
0 555 gamma 2 0 0 -2 0
0 556 gamma 2 0 0 -2 0
0 557 gamma 2 0 0 -2 0
0 558 gamma 2 0 0 -2 0
0 559 gamma 2 0 0 -2 0
0 560 gamma 2 0 0 -2 0
0 561 gamma 2 0 0 -2 0
0 562 gamma 2 0 0 -2 0
0 563 gamma 2 0 0 -2 0
0 564 gamma 2 0 0 -2 0
0 565 gamma 2 0 0 -2 0
0 566 gamma 2 0 0 -2 0
0 567 gamma 2 0 0 -2 0
0 568 gamma 2 0 0 -2 0
0 569 gamma 2 0 0 -2 0
0 570 gamma 2 0 0 -2 0
0 571 gamma 2 0 0 -2 0
0 572 gamma 2 0 0 -2 0
0 573 gamma 2 0 0 -2 0
0 574 gamma 2 0 0 -2 0
0 575 gamma 2 0 0 -2 0
0 576 gamma 2 0 0 -2 0
0 577 gamma 2 0 0 -2 0
0 578 gamma 2 0 0 -2 0
0 579 gamma 2 0 0 -2 0
0 580 gamma 2 0 0 -2 0
0 581 gamma 2 0 0 -2 0
0 582 gamma 2 0 0 -2 0
0 583 gamma 2 0 0 -2 0
0 584 gamma 2 0 0 -2 0
0 585 gamma 2 0 0 -2 0
0 586 gamma 2 0 0 -2 0
0 587 gamma 2 0 0 -2 0
0 588 gamma 2 0 0 -2 0
0 589 gamma 2 0 0 -2 0
0 590 gamma 2 0 0 -2 0
0 591 gamma 2 0 0 -2 0
0 592 gamma 2 0 0 -2 0
0 593 gamma 2 0 0 -2 0
0 594 gamma 2 0 0 -2 0
0 595 gamma 2 0 0 -2 0
0 596 gamma 2 0 0 -2 0
0 597 gamma 2 0 0 -2 0
0 598 gamma 2 0 0 -2 0
0 599 gamma 2 0 0 -2 0
0 600 gamma 2 0 0 -2 0
0 601 gamma 2 0 0 -2 0
0 602 gamma 2 0 0 -2 0
0 603 gamma 2 0 0 -2 0
0 604 gamma 2 0 0 -2 0
0 605 gamma 2 0 0 -2 0
0 606 gamma 2 0 0 -2 0
0 607 gamma 2 0 0 -2 0
0 608 gamma 2 0 0 -2 0
0 609 gamma 2 0 0 -2 0
0 610 gamma 2 0 0 -2 0
0 611 gamma 2 0 0 -2 0
0 612 gamma 2 0 0 -2 0
0 613 gamma 2 0 0 -2 0
0 614 gamma 2 0 0 -2 0
0 615 gamma 2 0 0 -2 0
0 616 gamma 2 0 0 -2 0
0 617 gamma 2 0 0 -2 0
0 618 gamma 2 0 0 -2 0
0 619 gamma 2 0 0 -2 0
0 620 gamma 2 0 0 -2 0
0 621 gamma 2 0 0 -2 0
0 622 gamma 2 0 0 -2 0
0 623 gamma 2 0 0 -2 0
0 624 gamma 2 0 0 -2 0
0 625 gamma 2 0 0 -2 0
0 626 gamma 2 0 0 -2 0
0 627 gamma 2 0 0 -2 0
0 628 gamma 2 0 0 -2 0
0 629 gamma 2 0 0 -2 0
0 630 gamma 2 0 0 -2 0
0 631 gamma 2 0 0 -2 0
0 632 gamma 2 0 0 -2 0
0 633 gamma 2 0 0 -2 0
0 634 gamma 2 0 0 -2 0
0 635 gamma 2 0 0 -2 0
0 636 gamma 2 0 0 -2 0
0 637 gamma 2 0 0 -2 0
0 638 gamma 2 0 0 -2 0
0 639 gamma 2 0 0 -2 0
0 640 gamma 2 0 0 -2 0
0 641 gamma 2 0 0 -2 0
0 642 gamma 2 0 0 -2 0
0 643 gamma 2 0 0 -2 0
0 644 gamma 2 0 0 -2 0
0 645 gamma 2 0 0 -2 0
0 646 gamma 2 0 0 -2 0
0 647 gamma 2 0 0 -2 0
0 648 gamma 2 0 0 -2 0
0 649 gamma 2 0 0 -2 0
0 650 gamma 2 0 0 -2 0
0 651 gamma 2 0 0 -2 0
0 652 gamma 2 0 0 -2 0
0 653 gamma 2 0 0 -2 0
0 654 gamma 2 0 0 -2 0
0 655 gamma 2 0 0 -2 0
0 656 gamma 2 0 0 -2 0
0 657 gamma 2 0 0 -2 0
0 658 gamma 2 0 0 -2 0
0 659 gamma 2 0 0 -2 0
0 660 gamma 2 0 0 -2 0
0 661 gamma 2 0 0 -2 0
0 662 gamma 2 0 0 -2 0
0 663 gamma 2 0 0 -2 0
0 664 gamma 2 0 0 -2 0
0 665 gamma 2 0 0 -2 0
0 666 gamma 2 0 0 -2 0
0 667 gamma 2 0 0 -2 0
0 668 gamma 2 0 0 -2 0
0 669 gamma 2 0 0 -2 0
0 670 gamma 2 0 0 -2 0
0 671 gamma 2 0 0 -2 0
0 672 gamma 2 0 0 -2 0
0 673 gamma 2 0 0 -2 0
0 674 gamma 2 0 0 -2 0
0 675 gamma 2 0 0 -2 0
0 676 gamma 2 0 0 -2 0
0 677 gamma 2 0 0 -2 0
0 678 gamma 2 0 0 -2 0
0 679 gamma 2 0 0 -2 0
0 680 gamma 2 0 0 -2 0
0 681 gamma 2 0 0 -2 0
0 682 gamma 2 0 0 -2 0
0 683 gamma 2 0 0 -2 0
0 684 gamma 2 0 0 -2 0
0 685 gamma 2 0 0 -2 0
0 686 gamma 2 0 0 -2 0
0 687 gamma 2 0 0 -2 0
0 688 gamma 2 0 0 -2 0
0 689 gamma 2 0 0 -2 0
0 690 gamma 2 0 0 -2 0
0 691 gamma 2 0 0 -2 0
0 692 gamma 2 0 0 -2 0
0 693 gamma 2 0 0 -2 0
0 694 gamma 2 0 0 -2 0
0 695 gamma 2 0 0 -2 0
0 696 gamma 2 0 0 -2 0
0 697 gamma 2 0 0 -2 0
0 698 gamma 2 0 0 -2 0
0 699 gamma 2 0 0 -2 0
0 700 gamma 2 0 0 -2 0
0 701 gamma 2 0 0 -2 0
0 702 gamma 2 0 0 -2 0
0 703 gamma 2 0 0 -2 0
0 704 gamma 2 0 0 -2 0
0 705 gamma 2 0 0 -2 0
0 706 gamma 2 0 0 -2 0
0 707 gamma 2 0 0 -2 0
0 708 gamma 2 0 0 -2 0
0 709 gamma 2 0 0 -2 0
0 710 gamma 2 0 0 -2 0
0 711 gamma 2 0 0 -2 0
0 712 gamma 2 0 0 -2 0
0 713 gamma 2 0 0 -2 0
0 714 gamma 2 0 0 -2 0
0 715 gamma 2 0 0 -2 0
0 716 gamma 2 0 0 -2 0
0 717 gamma 2 0 0 -2 0
0 718 gamma 2 0 0 -2 0
0 719 gamma 2 0 0 -2 0
0 720 gamma 2 0 0 -2 0
0 721 gamma 2 0 0 -2 0
0 722 gamma 2 0 0 -2 0
0 723 gamma 2 0 0 -2 0
0 724 gamma 2 0 0 -2 0
0 725 gamma 2 0 0 -2 0
0 726 gamma 2 0 0 -2 0
0 727 gamma 2 0 0 -2 0
0 728 gamma 2 0 0 -2 0
0 729 gamma 2 0 0 -2 0
0 730 gamma 2 0 0 -2 0
0 731 gamma 2 0 0 -2 0
0 732 gamma 2 0 0 -2 0
0 733 gamma 2 0 0 -2 0
0 734 gamma 2 0 0 -2 0
0 735 gamma 2 0 0 -2 0
0 736 gamma 2 0 0 -2 0
0 737 gamma 2 0 0 -2 0
0 738 gamma 2 0 0 -2 0
0 739 gamma 2 0 0 -2 0
0 740 gamma 2 0 0 -2 0
0 741 gamma 2 0 0 -2 0
0 742 gamma 2 0 0 -2 0
0 743 gamma 2 0 0 -2 0
0 744 gamma 2 0 0 -2 0
0 745 gamma 2 0 0 -2 0
0 746 gamma 2 0 0 -2 0
0 747 gamma 2 0 0 -2 0
0 748 gamma 2 0 0 -2 0
0 749 gamma 2 0 0 -2 0
0 750 gamma 2 0 0 -2 0
0 751 gamma 2 0 0 -2 0
0 752 gamma 2 0 0 -2 0
0 753 gamma 2 0 0 -2 0
0 754 gamma 2 0 0 -2 0
0 755 gamma 2 0 0 -2 0
0 756 gamma 2 0 0 -2 0
0 757 gamma 2 0 0 -2 0
0 758 gamma 2 0 0 -2 0
0 759 gamma 2 0 0 -2 0
0 760 gamma 2 0 0 -2 0
0 761 gamma 2 0 0 -2 0
0 762 gamma 2 0 0 -2 0
0 763 gamma 2 0 0 -2 0
0 764 gamma 2 0 0 -2 0
0 765 gamma 2 0 0 -2 0
0 766 gamma 2 0 0 -2 0
0 767 gamma 2 0 0 -2 0
0 768 gamma 2 0 0 -2 0
0 769 gamma 2 0 0 -2 0
0 770 gamma 2 0 0 -2 0
0 771 gamma 2 0 0 -2 0
0 772 gamma 2 0 0 -2 0
0 773 gamma 2 0 0 -2 0
0 774 gamma 2 0 0 -2 0
0 775 gamma 2 0 0 -2 0
0 776 gamma 2 0 0 -2 0
0 777 gamma 2 0 0 -2 0
0 778 gamma 2 0 0 -2 0
0 779 gamma 2 0 0 -2 0
0 780 gamma 2 0 0 -2 0
0 781 gamma 2 0 0 -2 0
0 782 gamma 2 0 0 -2 0
0 783 gamma 2 0 0 -2 0
0 784 gamma 2 0 0 -2 0
0 785 gamma 2 0 0 -2 0
0 786 gamma 2 0 0 -2 0
0 787 gamma 2 0 0 -2 0
0 788 gamma 2 0 0 -2 0
0 789 gamma 2 0 0 -2 0
0 790 gamma 2 0 0 -2 0
0 791 gamma 2 0 0 -2 0
0 792 gamma 2 0 0 -2 0
0 793 gamma 2 0 0 -2 0
0 794 gamma 2 0 0 -2 0
0 795 gamma 2 0 0 -2 0
0 796 gamma 2 0 0 -2 0
0 797 gamma 2 0 0 -2 0
0 798 gamma 2 0 0 -2 0
0 799 gamma 2 0 0 -2 0
0 800 gamma 2 0 0 -2 0
0 801 gamma 2 0 0 -2 0
0 802 gamma 2 0 0 -2 0
0 803 gamma 2 0 0 -2 0
0 804 gamma 2 0 0 -2 0
0 805 gamma 2 0 0 -2 0
0 806 gamma 2 0 0 -2 0
0 807 gamma 2 0 0 -2 0
0 808 gamma 2 0 0 -2 0
0 809 gamma 2 0 0 -2 0
0 810 gamma 2 0 0 -2 0
0 811 gamma 2 0 0 -2 0
0 812 gamma 2 0 0 -2 0
0 813 gamma 2 0 0 -2 0
0 814 gamma 2 0 0 -2 0
0 815 gamma 2 0 0 -2 0
0 816 gamma 2 0 0 -2 0
0 817 gamma 2 0 0 -2 0
0 818 gamma 2 0 0 -2 0
0 819 gamma 2 0 0 -2 0
0 820 gamma 2 0 0 -2 0
0 821 gamma 2 0 0 -2 0
0 822 gamma 2 0 0 -2 0
0 823 gamma 2 0 0 -2 0
0 824 gamma 2 0 0 -2 0
0 825 gamma 2 0 0 -2 0
0 826 gamma 2 0 0 -2 0
0 827 gamma 2 0 0 -2 0
0 828 gamma 2 0 0 -2 0
0 829 gamma 2 0 0 -2 0
0 830 gamma 2 0 0 -2 0
0 831 gamma 2 0 0 -2 0
0 832 gamma 2 0 0 -2 0
0 833 gamma 2 0 0 -2 0
0 834 gamma 2 0 0 -2 0
0 835 gamma 2 0 0 -2 0
0 836 gamma 2 0 0 -2 0
0 837 gamma 2 0 0 -2 0
0 838 gamma 2 0 0 -2 0
0 839 gamma 2 0 0 -2 0
0 840 gamma 2 0 0 -2 0
0 841 gamma 2 0 0 -2 0
0 842 gamma 2 0 0 -2 0
0 843 gamma 2 0 0 -2 0
0 844 gamma 2 0 0 -2 0
0 845 gamma 2 0 0 -2 0
0 846 gamma 2 0 0 -2 0
0 847 gamma 2 0 0 -2 0
0 848 gamma 2 0 0 -2 0
0 849 gamma 2 0 0 -2 0
0 850 gamma 2 0 0 -2 0
0 851 gamma 2 0 0 -2 0
0 852 gamma 2 0 0 -2 0
0 853 gamma 2 0 0 -2 0
0 854 gamma 2 0 0 -2 0
0 855 gamma 2 0 0 -2 0
0 856 gamma 2 0 0 -2 0
0 857 gamma 2 0 0 -2 0
0 858 gamma 2 0 0 -2 0
0 859 gamma 2 0 0 -2 0
0 860 gamma 2 0 0 -2 0
0 861 gamma 2 0 0 -2 0
0 862 gamma 2 0 0 -2 0
0 863 gamma 2 0 0 -2 0
0 864 gamma 2 0 0 -2 0
0 865 gamma 2 0 0 -2 0
0 866 gamma 2 0 0 -2 0
0 867 gamma 2 0 0 -2 0
0 868 gamma 2 0 0 -2 0
0 869 gamma 2 0 0 -2 0
0 870 gamma 2 0 0 -2 0
0 871 gamma 2 0 0 -2 0
0 872 gamma 2 0 0 -2 0
0 873 gamma 2 0 0 -2 0
0 874 gamma 2 0 0 -2 0
0 875 gamma 2 0 0 -2 0
0 876 gamma 2 0 0 -2 0
0 877 gamma 2 0 0 -2 0
0 878 gamma 2 0 0 -2 0
0 879 gamma 2 0 0 -2 0
0 880 gamma 2 0 0 -2 0
0 881 gamma 2 0 0 -2 0
0 882 gamma 2 0 0 -2 0
0 883 gamma 2 0 0 -2 0
0 884 gamma 2 0 0 -2 0
0 885 gamma 2 0 0 -2 0
0 886 gamma 2 0 0 -2 0
0 887 gamma 2 0 0 -2 0
0 888 gamma 2 0 0 -2 0
0 889 gamma 2 0 0 -2 0
0 890 gamma 2 0 0 -2 0
0 891 gamma 2 0 0 -2 0
0 892 gamma 2 0 0 -2 0
0 893 gamma 2 0 0 -2 0
0 894 gamma 2 0 0 -2 0
0 895 gamma 2 0 0 -2 0
0 896 gamma 2 0 0 -2 0
0 897 gamma 2 0 0 -2 0
0 898 gamma 2 0 0 -2 0
0 899 gamma 2 0 0 -2 0
0 900 gamma 2 0 0 -2 0
0 901 gamma 2 0 0 -2 0
0 902 gamma 2 0 0 -2 0
0 903 gamma 2 0 0 -2 0
0 904 gamma 2 0 0 -2 0
0 905 gamma 2 0 0 -2 0
0 906 gamma 2 0 0 -2 0
0 907 gamma 2 0 0 -2 0
0 908 gamma 2 0 0 -2 0
0 909 gamma 2 0 0 -2 0
0 910 gamma 2 0 0 -2 0
0 911 gamma 2 0 0 -2 0
0 912 gamma 2 0 0 -2 0
0 913 gamma 2 0 0 -2 0
0 914 gamma 2 0 0 -2 0
0 915 gamma 2 0 0 -2 0
0 916 gamma 2 0 0 -2 0
0 917 gamma 2 0 0 -2 0
0 918 gamma 2 0 0 -2 0
0 919 gamma 2 0 0 -2 0
0 920 gamma 2 0 0 -2 0
0 921 gamma 2 0 0 -2 0
0 922 gamma 2 0 0 -2 0
0 923 gamma 2 0 0 -2 0
0 924 gamma 2 0 0 -2 0
0 925 gamma 2 0 0 -2 0
0 926 gamma 2 0 0 -2 0
0 927 gamma 2 0 0 -2 0
0 928 gamma 2 0 0 -2 0
0 929 gamma 2 0 0 -2 0
0 930 gamma 2 0 0 -2 0
0 931 gamma 2 0 0 -2 0
0 932 gamma 2 0 0 -2 0
0 933 gamma 2 0 0 -2 0
0 934 gamma 2 0 0 -2 0
0 935 gamma 2 0 0 -2 0
0 936 gamma 2 0 0 -2 0
0 937 gamma 2 0 0 -2 0
0 938 gamma 2 0 0 -2 0
0 939 gamma 2 0 0 -2 0
0 940 gamma 2 0 0 -2 0
0 941 gamma 2 0 0 -2 0
0 942 gamma 2 0 0 -2 0
0 943 gamma 2 0 0 -2 0
0 944 gamma 2 0 0 -2 0
0 945 gamma 2 0 0 -2 0
0 946 gamma 2 0 0 -2 0
0 947 gamma 2 0 0 -2 0
0 948 gamma 2 0 0 -2 0
0 949 gamma 2 0 0 -2 0
0 950 gamma 2 0 0 -2 0
0 951 gamma 2 0 0 -2 0
0 952 gamma 2 0 0 -2 0
0 953 gamma 2 0 0 -2 0
0 954 gamma 2 0 0 -2 0
0 955 gamma 2 0 0 -2 0
0 956 gamma 2 0 0 -2 0
0 957 gamma 2 0 0 -2 0
0 958 gamma 2 0 0 -2 0
0 959 gamma 2 0 0 -2 0
0 960 gamma 2 0 0 -2 0
0 961 gamma 2 0 0 -2 0
0 962 gamma 2 0 0 -2 0
0 963 gamma 2 0 0 -2 0
0 964 gamma 2 0 0 -2 0
0 965 gamma 2 0 0 -2 0
0 966 gamma 2 0 0 -2 0
0 967 gamma 2 0 0 -2 0
0 968 gamma 2 0 0 -2 0
0 969 gamma 2 0 0 -2 0
0 970 gamma 2 0 0 -2 0
0 971 gamma 2 0 0 -2 0
0 972 gamma 2 0 0 -2 0
0 973 gamma 2 0 0 -2 0
0 974 gamma 2 0 0 -2 0
0 975 gamma 2 0 0 -2 0
0 976 gamma 2 0 0 -2 0
0 977 gamma 2 0 0 -2 0
0 978 gamma 2 0 0 -2 0
0 979 gamma 2 0 0 -2 0
0 980 gamma 2 0 0 -2 0
0 981 gamma 2 0 0 -2 0
0 982 gamma 2 0 0 -2 0
0 983 gamma 2 0 0 -2 0
0 984 gamma 2 0 0 -2 0
0 985 gamma 2 0 0 -2 0
0 986 gamma 2 0 0 -2 0
0 987 gamma 2 0 0 -2 0
0 988 gamma 2 0 0 -2 0
0 989 gamma 2 0 0 -2 0
0 990 gamma 2 0 0 -2 0
0 991 gamma 2 0 0 -2 0
0 992 gamma 2 0 0 -2 0
0 993 gamma 2 0 0 -2 0
0 994 gamma 2 0 0 -2 0
0 995 gamma 2 0 0 -2 0
0 996 gamma 2 0 0 -2 0
0 997 gamma 2 0 0 -2 0
0 998 gamma 2 0 0 -2 0
0 999 gamma 2 0 0 -2 0
